2019-10-02 20:27:57.549  INFO 1464 --- [restartedMain] c.a.p.a.a.PhotoAlbumsServiceApplication  : No active profile set, falling back to default profiles: default
2019-10-02 20:27:58.300  WARN 1464 --- [restartedMain] o.s.boot.actuate.endpoint.EndpointId     : Endpoint ID 'service-registry' contains invalid characters, please migrate to a valid format.
2019-10-02 20:27:58.535  INFO 1464 --- [restartedMain] o.s.cloud.context.scope.GenericScope     : BeanFactory id=a0b40ead-e7a6-3156-b03a-8030159e1250
2019-10-02 20:27:58.633  INFO 1464 --- [restartedMain] trationDelegate$BeanPostProcessorChecker : Bean 'org.springframework.cloud.autoconfigure.ConfigurationPropertiesRebinderAutoConfiguration' of type [org.springframework.cloud.autoconfigure.ConfigurationPropertiesRebinderAutoConfiguration$$EnhancerBySpringCGLIB$$f8c97fe0] is not eligible for getting processed by all BeanPostProcessors (for example: not eligible for auto-proxying)
2019-10-02 20:27:59.280  INFO 1464 --- [restartedMain] o.s.b.w.embedded.tomcat.TomcatWebServer  : Tomcat initialized with port(s): 0 (http)
2019-10-02 20:27:59.305  INFO 1464 --- [restartedMain] o.apache.catalina.core.StandardService   : Starting service [Tomcat]
2019-10-02 20:27:59.306  INFO 1464 --- [restartedMain] org.apache.catalina.core.StandardEngine  : Starting Servlet engine: [Apache Tomcat/9.0.14]
2019-10-02 20:27:59.317  INFO 1464 --- [restartedMain] o.a.catalina.core.AprLifecycleListener   : The APR based Apache Tomcat Native library which allows optimal performance in production environments was not found on the java.library.path: [/Users/esuarez/Library/Java/Extensions:/Library/Java/Extensions:/Network/Library/Java/Extensions:/System/Library/Java/Extensions:/usr/lib/java:.]
2019-10-02 20:27:59.407  INFO 1464 --- [restartedMain] o.a.c.c.C.[Tomcat].[localhost].[/]       : Initializing Spring embedded WebApplicationContext
2019-10-02 20:27:59.407  INFO 1464 --- [restartedMain] o.s.web.context.ContextLoader            : Root WebApplicationContext: initialization completed in 1844 ms
2019-10-02 20:27:59.556  WARN 1464 --- [restartedMain] c.n.c.sources.URLConfigurationSource     : No URLs will be polled as dynamic configuration sources.
2019-10-02 20:27:59.556  INFO 1464 --- [restartedMain] c.n.c.sources.URLConfigurationSource     : To enable URLs as dynamic configuration sources, define System property archaius.configurationSource.additionalUrls or make config.properties available on classpath.
2019-10-02 20:27:59.571  INFO 1464 --- [restartedMain] c.netflix.config.DynamicPropertyFactory  : DynamicPropertyFactory is initialized with configuration sources: com.netflix.config.ConcurrentCompositeConfiguration@6809af95
2019-10-02 20:27:59.982  WARN 1464 --- [restartedMain] c.n.c.sources.URLConfigurationSource     : No URLs will be polled as dynamic configuration sources.
2019-10-02 20:27:59.982  INFO 1464 --- [restartedMain] c.n.c.sources.URLConfigurationSource     : To enable URLs as dynamic configuration sources, define System property archaius.configurationSource.additionalUrls or make config.properties available on classpath.
2019-10-02 20:28:00.136  INFO 1464 --- [restartedMain] o.s.s.concurrent.ThreadPoolTaskExecutor  : Initializing ExecutorService 'applicationTaskExecutor'
2019-10-02 20:28:00.489  INFO 1464 --- [restartedMain] o.s.b.d.a.OptionalLiveReloadServer       : LiveReload server is running on port 35729
2019-10-02 20:28:00.585  INFO 1464 --- [restartedMain] o.s.b.a.e.web.EndpointLinksResolver      : Exposing 2 endpoint(s) beneath base path '/actuator'
2019-10-02 20:28:00.719  INFO 1464 --- [restartedMain] o.s.b.w.embedded.tomcat.TomcatWebServer  : Tomcat started on port(s): 50796 (http) with context path ''
2019-10-02 20:28:00.720  INFO 1464 --- [restartedMain] .s.c.n.e.s.EurekaAutoServiceRegistration : Updating port to 50796
2019-10-02 20:28:00.729  INFO 1464 --- [restartedMain] o.s.c.n.eureka.InstanceInfoFactory       : Setting initial instance status as: STARTING
2019-10-02 20:28:00.775  INFO 1464 --- [restartedMain] com.netflix.discovery.DiscoveryClient    : Initializing Eureka in region us-east-1
2019-10-02 20:28:00.981  INFO 1464 --- [restartedMain] c.n.d.provider.DiscoveryJerseyProvider   : Using JSON encoding codec LegacyJacksonJson
2019-10-02 20:28:00.981  INFO 1464 --- [restartedMain] c.n.d.provider.DiscoveryJerseyProvider   : Using JSON decoding codec LegacyJacksonJson
2019-10-02 20:28:01.127  INFO 1464 --- [restartedMain] c.n.d.provider.DiscoveryJerseyProvider   : Using XML encoding codec XStreamXml
2019-10-02 20:28:01.128  INFO 1464 --- [restartedMain] c.n.d.provider.DiscoveryJerseyProvider   : Using XML decoding codec XStreamXml
2019-10-02 20:28:01.302  INFO 1464 --- [restartedMain] c.n.d.s.r.aws.ConfigClusterResolver      : Resolving eureka endpoints via configuration
2019-10-02 20:28:01.323  INFO 1464 --- [restartedMain] com.netflix.discovery.DiscoveryClient    : Disable delta property : false
2019-10-02 20:28:01.323  INFO 1464 --- [restartedMain] com.netflix.discovery.DiscoveryClient    : Single vip registry refresh property : null
2019-10-02 20:28:01.323  INFO 1464 --- [restartedMain] com.netflix.discovery.DiscoveryClient    : Force full registry fetch : false
2019-10-02 20:28:01.323  INFO 1464 --- [restartedMain] com.netflix.discovery.DiscoveryClient    : Application is null : false
2019-10-02 20:28:01.324  INFO 1464 --- [restartedMain] com.netflix.discovery.DiscoveryClient    : Registered Applications size is zero : true
2019-10-02 20:28:01.324  INFO 1464 --- [restartedMain] com.netflix.discovery.DiscoveryClient    : Application version is -1: true
2019-10-02 20:28:01.324  INFO 1464 --- [restartedMain] com.netflix.discovery.DiscoveryClient    : Getting all instance registry info from the eureka server
2019-10-02 20:28:01.533  INFO 1464 --- [restartedMain] com.netflix.discovery.DiscoveryClient    : The response status is 200
2019-10-02 20:28:01.537  INFO 1464 --- [restartedMain] com.netflix.discovery.DiscoveryClient    : Starting heartbeat executor: renew interval is: 30
2019-10-02 20:28:01.540  INFO 1464 --- [restartedMain] c.n.discovery.InstanceInfoReplicator     : InstanceInfoReplicator onDemand update allowed rate per min is 4
2019-10-02 20:28:01.544  INFO 1464 --- [restartedMain] com.netflix.discovery.DiscoveryClient    : Discovery Client initialized at timestamp 1570066081543 with initial instances count: 2
2019-10-02 20:28:01.547  INFO 1464 --- [restartedMain] o.s.c.n.e.s.EurekaServiceRegistry        : Registering application PHOTO-ALBUMS-SERVICE with eureka with status UP
2019-10-02 20:28:01.547  INFO 1464 --- [restartedMain] com.netflix.discovery.DiscoveryClient    : Saw local status change event StatusChangeEvent [timestamp=1570066081547, current=UP, previous=STARTING]
2019-10-02 20:28:01.550  INFO 1464 --- [DiscoveryClient-InstanceInfoReplicator-0] com.netflix.discovery.DiscoveryClient    : DiscoveryClient_PHOTO-ALBUMS-SERVICE/photo-albums-service:8a1237e195710bf93264a6c9a5b1824a: registering service...
2019-10-02 20:28:01.555  INFO 1464 --- [restartedMain] c.a.p.a.a.PhotoAlbumsServiceApplication  : Started PhotoAlbumsServiceApplication in 5.186 seconds (JVM running for 5.902)
2019-10-02 20:28:01.591  INFO 1464 --- [DiscoveryClient-InstanceInfoReplicator-0] com.netflix.discovery.DiscoveryClient    : DiscoveryClient_PHOTO-ALBUMS-SERVICE/photo-albums-service:8a1237e195710bf93264a6c9a5b1824a - registration status: 204
2019-10-02 20:33:01.321  INFO 1464 --- [AsyncResolver-bootstrap-executor-0] c.n.d.s.r.aws.ConfigClusterResolver      : Resolving eureka endpoints via configuration
2019-10-02 20:36:47.262  INFO 1464 --- [Thread-14] o.s.c.n.e.s.EurekaServiceRegistry        : Unregistering application PHOTO-ALBUMS-SERVICE with eureka with status DOWN
2019-10-02 20:36:47.262  WARN 1464 --- [Thread-14] com.netflix.discovery.DiscoveryClient    : Saw local status change event StatusChangeEvent [timestamp=1570066607262, current=DOWN, previous=UP]
2019-10-02 20:36:47.262  INFO 1464 --- [DiscoveryClient-InstanceInfoReplicator-0] com.netflix.discovery.DiscoveryClient    : DiscoveryClient_PHOTO-ALBUMS-SERVICE/photo-albums-service:8a1237e195710bf93264a6c9a5b1824a: registering service...
2019-10-02 20:36:47.266  INFO 1464 --- [DiscoveryClient-InstanceInfoReplicator-0] com.netflix.discovery.DiscoveryClient    : DiscoveryClient_PHOTO-ALBUMS-SERVICE/photo-albums-service:8a1237e195710bf93264a6c9a5b1824a - registration status: 204
2019-10-02 20:36:47.267  INFO 1464 --- [Thread-14] o.s.s.concurrent.ThreadPoolTaskExecutor  : Shutting down ExecutorService 'applicationTaskExecutor'
2019-10-02 20:36:47.270  INFO 1464 --- [Thread-14] com.netflix.discovery.DiscoveryClient    : Shutting down DiscoveryClient ...
2019-10-02 20:36:50.276  INFO 1464 --- [Thread-14] com.netflix.discovery.DiscoveryClient    : Unregistering ...
2019-10-02 20:36:50.281  INFO 1464 --- [Thread-14] com.netflix.discovery.DiscoveryClient    : DiscoveryClient_PHOTO-ALBUMS-SERVICE/photo-albums-service:8a1237e195710bf93264a6c9a5b1824a - deregister  status: 200
2019-10-02 20:36:50.292  INFO 1464 --- [Thread-14] com.netflix.discovery.DiscoveryClient    : Completed shut down of DiscoveryClient
2019-10-02 21:16:30.289  INFO 1582 --- [restartedMain] c.a.p.a.a.PhotoAlbumsServiceApplication  : No active profile set, falling back to default profiles: default
2019-10-02 21:16:31.500  WARN 1582 --- [restartedMain] o.s.boot.actuate.endpoint.EndpointId     : Endpoint ID 'service-registry' contains invalid characters, please migrate to a valid format.
2019-10-02 21:16:31.759  INFO 1582 --- [restartedMain] o.s.cloud.context.scope.GenericScope     : BeanFactory id=a0b40ead-e7a6-3156-b03a-8030159e1250
2019-10-02 21:16:31.862  INFO 1582 --- [restartedMain] trationDelegate$BeanPostProcessorChecker : Bean 'org.springframework.cloud.autoconfigure.ConfigurationPropertiesRebinderAutoConfiguration' of type [org.springframework.cloud.autoconfigure.ConfigurationPropertiesRebinderAutoConfiguration$$EnhancerBySpringCGLIB$$f4ba5c45] is not eligible for getting processed by all BeanPostProcessors (for example: not eligible for auto-proxying)
2019-10-02 21:16:32.502  INFO 1582 --- [restartedMain] o.s.b.w.embedded.tomcat.TomcatWebServer  : Tomcat initialized with port(s): 0 (http)
2019-10-02 21:16:32.535  INFO 1582 --- [restartedMain] o.apache.catalina.core.StandardService   : Starting service [Tomcat]
2019-10-02 21:16:32.536  INFO 1582 --- [restartedMain] org.apache.catalina.core.StandardEngine  : Starting Servlet engine: [Apache Tomcat/9.0.14]
2019-10-02 21:16:32.549  INFO 1582 --- [restartedMain] o.a.catalina.core.AprLifecycleListener   : The APR based Apache Tomcat Native library which allows optimal performance in production environments was not found on the java.library.path: [/Users/esuarez/Library/Java/Extensions:/Library/Java/Extensions:/Network/Library/Java/Extensions:/System/Library/Java/Extensions:/usr/lib/java:.]
2019-10-02 21:16:32.658  INFO 1582 --- [restartedMain] o.a.c.c.C.[Tomcat].[localhost].[/]       : Initializing Spring embedded WebApplicationContext
2019-10-02 21:16:32.658  INFO 1582 --- [restartedMain] o.s.web.context.ContextLoader            : Root WebApplicationContext: initialization completed in 2351 ms
2019-10-02 21:16:32.794  WARN 1582 --- [restartedMain] c.n.c.sources.URLConfigurationSource     : No URLs will be polled as dynamic configuration sources.
2019-10-02 21:16:32.794  INFO 1582 --- [restartedMain] c.n.c.sources.URLConfigurationSource     : To enable URLs as dynamic configuration sources, define System property archaius.configurationSource.additionalUrls or make config.properties available on classpath.
2019-10-02 21:16:32.808  INFO 1582 --- [restartedMain] c.netflix.config.DynamicPropertyFactory  : DynamicPropertyFactory is initialized with configuration sources: com.netflix.config.ConcurrentCompositeConfiguration@5c0c37d4
2019-10-02 21:16:33.272  WARN 1582 --- [restartedMain] c.n.c.sources.URLConfigurationSource     : No URLs will be polled as dynamic configuration sources.
2019-10-02 21:16:33.272  INFO 1582 --- [restartedMain] c.n.c.sources.URLConfigurationSource     : To enable URLs as dynamic configuration sources, define System property archaius.configurationSource.additionalUrls or make config.properties available on classpath.
2019-10-02 21:16:33.445  INFO 1582 --- [restartedMain] o.s.s.concurrent.ThreadPoolTaskExecutor  : Initializing ExecutorService 'applicationTaskExecutor'
2019-10-02 21:16:33.895  INFO 1582 --- [restartedMain] o.s.b.d.a.OptionalLiveReloadServer       : LiveReload server is running on port 35729
2019-10-02 21:16:34.018  INFO 1582 --- [restartedMain] o.s.b.a.e.web.EndpointLinksResolver      : Exposing 2 endpoint(s) beneath base path '/actuator'
2019-10-02 21:16:34.182  INFO 1582 --- [restartedMain] o.s.b.w.embedded.tomcat.TomcatWebServer  : Tomcat started on port(s): 51037 (http) with context path ''
2019-10-02 21:16:34.183  INFO 1582 --- [restartedMain] .s.c.n.e.s.EurekaAutoServiceRegistration : Updating port to 51037
2019-10-02 21:16:34.190  INFO 1582 --- [restartedMain] o.s.c.n.eureka.InstanceInfoFactory       : Setting initial instance status as: STARTING
2019-10-02 21:16:34.234  INFO 1582 --- [restartedMain] com.netflix.discovery.DiscoveryClient    : Initializing Eureka in region us-east-1
2019-10-02 21:16:34.421  INFO 1582 --- [restartedMain] c.n.d.provider.DiscoveryJerseyProvider   : Using JSON encoding codec LegacyJacksonJson
2019-10-02 21:16:34.421  INFO 1582 --- [restartedMain] c.n.d.provider.DiscoveryJerseyProvider   : Using JSON decoding codec LegacyJacksonJson
2019-10-02 21:16:34.586  INFO 1582 --- [restartedMain] c.n.d.provider.DiscoveryJerseyProvider   : Using XML encoding codec XStreamXml
2019-10-02 21:16:34.586  INFO 1582 --- [restartedMain] c.n.d.provider.DiscoveryJerseyProvider   : Using XML decoding codec XStreamXml
2019-10-02 21:16:34.774  INFO 1582 --- [restartedMain] c.n.d.s.r.aws.ConfigClusterResolver      : Resolving eureka endpoints via configuration
2019-10-02 21:16:34.796  INFO 1582 --- [restartedMain] com.netflix.discovery.DiscoveryClient    : Disable delta property : false
2019-10-02 21:16:34.796  INFO 1582 --- [restartedMain] com.netflix.discovery.DiscoveryClient    : Single vip registry refresh property : null
2019-10-02 21:16:34.796  INFO 1582 --- [restartedMain] com.netflix.discovery.DiscoveryClient    : Force full registry fetch : false
2019-10-02 21:16:34.797  INFO 1582 --- [restartedMain] com.netflix.discovery.DiscoveryClient    : Application is null : false
2019-10-02 21:16:34.797  INFO 1582 --- [restartedMain] com.netflix.discovery.DiscoveryClient    : Registered Applications size is zero : true
2019-10-02 21:16:34.797  INFO 1582 --- [restartedMain] com.netflix.discovery.DiscoveryClient    : Application version is -1: true
2019-10-02 21:16:34.797  INFO 1582 --- [restartedMain] com.netflix.discovery.DiscoveryClient    : Getting all instance registry info from the eureka server
2019-10-02 21:16:35.021  INFO 1582 --- [restartedMain] com.netflix.discovery.DiscoveryClient    : The response status is 200
2019-10-02 21:16:35.024  INFO 1582 --- [restartedMain] com.netflix.discovery.DiscoveryClient    : Starting heartbeat executor: renew interval is: 30
2019-10-02 21:16:35.028  INFO 1582 --- [restartedMain] c.n.discovery.InstanceInfoReplicator     : InstanceInfoReplicator onDemand update allowed rate per min is 4
2019-10-02 21:16:35.031  INFO 1582 --- [restartedMain] com.netflix.discovery.DiscoveryClient    : Discovery Client initialized at timestamp 1570068995030 with initial instances count: 1
2019-10-02 21:16:35.033  INFO 1582 --- [restartedMain] o.s.c.n.e.s.EurekaServiceRegistry        : Registering application PHOTO-ALBUMS-SERVICE with eureka with status UP
2019-10-02 21:16:35.034  INFO 1582 --- [restartedMain] com.netflix.discovery.DiscoveryClient    : Saw local status change event StatusChangeEvent [timestamp=1570068995034, current=UP, previous=STARTING]
2019-10-02 21:16:35.037  INFO 1582 --- [DiscoveryClient-InstanceInfoReplicator-0] com.netflix.discovery.DiscoveryClient    : DiscoveryClient_PHOTO-ALBUMS-SERVICE/photo-albums-service:363ee8eba23c56f4662fa26c9aa0d8e4: registering service...
2019-10-02 21:16:35.042  INFO 1582 --- [restartedMain] c.a.p.a.a.PhotoAlbumsServiceApplication  : Started PhotoAlbumsServiceApplication in 5.919 seconds (JVM running for 6.565)
2019-10-02 21:16:35.079  INFO 1582 --- [DiscoveryClient-InstanceInfoReplicator-0] com.netflix.discovery.DiscoveryClient    : DiscoveryClient_PHOTO-ALBUMS-SERVICE/photo-albums-service:363ee8eba23c56f4662fa26c9aa0d8e4 - registration status: 204
2019-10-02 21:21:34.792  INFO 1582 --- [AsyncResolver-bootstrap-executor-0] c.n.d.s.r.aws.ConfigClusterResolver      : Resolving eureka endpoints via configuration
2019-10-02 21:22:32.921  INFO 1582 --- [http-nio-auto-1-exec-1] o.a.c.c.C.[Tomcat].[localhost].[/]       : Initializing Spring DispatcherServlet 'dispatcherServlet'
2019-10-02 21:22:32.921  INFO 1582 --- [http-nio-auto-1-exec-1] o.s.web.servlet.DispatcherServlet        : Initializing Servlet 'dispatcherServlet'
2019-10-02 21:22:32.929  INFO 1582 --- [http-nio-auto-1-exec-1] o.s.web.servlet.DispatcherServlet        : Completed initialization in 8 ms
2019-10-02 21:22:33.051  INFO 1582 --- [http-nio-auto-1-exec-1] c.a.p.a.a.i.c.AlbumsController           : Returning 2 albums
2019-10-02 21:23:21.217  INFO 1582 --- [http-nio-auto-1-exec-3] c.a.p.a.a.i.c.AlbumsController           : Returning 2 albums
2019-10-02 21:23:36.994  INFO 1582 --- [http-nio-auto-1-exec-5] c.a.p.a.a.i.c.AlbumsController           : Returning 2 albums
2019-10-02 21:23:37.639  INFO 1582 --- [http-nio-auto-1-exec-6] c.a.p.a.a.i.c.AlbumsController           : Returning 2 albums
2019-10-02 21:23:37.970  INFO 1582 --- [http-nio-auto-1-exec-7] c.a.p.a.a.i.c.AlbumsController           : Returning 2 albums
2019-10-02 21:23:38.289  INFO 1582 --- [http-nio-auto-1-exec-8] c.a.p.a.a.i.c.AlbumsController           : Returning 2 albums
2019-10-02 21:23:39.797  INFO 1582 --- [http-nio-auto-1-exec-9] c.a.p.a.a.i.c.AlbumsController           : Returning 2 albums
2019-10-02 21:23:45.283  INFO 1582 --- [http-nio-auto-1-exec-1] c.a.p.a.a.i.c.AlbumsController           : Returning 2 albums
2019-10-02 21:24:19.939  INFO 1582 --- [Thread-14] o.s.c.n.e.s.EurekaServiceRegistry        : Unregistering application PHOTO-ALBUMS-SERVICE with eureka with status DOWN
2019-10-02 21:24:19.939  WARN 1582 --- [Thread-14] com.netflix.discovery.DiscoveryClient    : Saw local status change event StatusChangeEvent [timestamp=1570069459939, current=DOWN, previous=UP]
2019-10-02 21:24:19.939  INFO 1582 --- [DiscoveryClient-InstanceInfoReplicator-0] com.netflix.discovery.DiscoveryClient    : DiscoveryClient_PHOTO-ALBUMS-SERVICE/photo-albums-service:363ee8eba23c56f4662fa26c9aa0d8e4: registering service...
2019-10-02 21:24:19.945  INFO 1582 --- [DiscoveryClient-InstanceInfoReplicator-0] com.netflix.discovery.DiscoveryClient    : DiscoveryClient_PHOTO-ALBUMS-SERVICE/photo-albums-service:363ee8eba23c56f4662fa26c9aa0d8e4 - registration status: 204
2019-10-02 21:24:19.946  INFO 1582 --- [Thread-14] o.s.s.concurrent.ThreadPoolTaskExecutor  : Shutting down ExecutorService 'applicationTaskExecutor'
2019-10-02 21:24:19.949  INFO 1582 --- [Thread-14] com.netflix.discovery.DiscoveryClient    : Shutting down DiscoveryClient ...
2019-10-02 21:24:22.955  INFO 1582 --- [Thread-14] com.netflix.discovery.DiscoveryClient    : Unregistering ...
2019-10-02 21:24:22.961  INFO 1582 --- [Thread-14] com.netflix.discovery.DiscoveryClient    : DiscoveryClient_PHOTO-ALBUMS-SERVICE/photo-albums-service:363ee8eba23c56f4662fa26c9aa0d8e4 - deregister  status: 200
2019-10-02 21:24:22.971  INFO 1582 --- [Thread-14] com.netflix.discovery.DiscoveryClient    : Completed shut down of DiscoveryClient
